<?xml version="1.0" encoding="UTF-8"?>
<!-- Generated by org.testng.reporters.JUnitReportReporter -->
<testsuite skipped="0" hostname="LIN51006766" name="TestNG.NewTest_03" tests="1" failures="0" timestamp="2021-10-05T19:52:16 IST" time="5.546" errors="0">
  <testcase name="veirfyurl1" time="5.546" classname="TestNG.NewTest_03"/>
  <system-out/>
</testsuite> <!-- TestNG.NewTest_03 -->
