<?xml version="1.0" encoding="UTF-8"?>
<!-- Generated by org.testng.reporters.JUnitReportReporter -->
<testsuite skipped="0" hostname="LIN51006766" name="TestNG.NewTest_01" tests="1" failures="0" timestamp="2021-10-09T16:22:26 IST" time="8.975" errors="0">
  <testcase name="wbd1" time="8.975" classname="TestNG.NewTest_01"/>
  <system-out/>
</testsuite> <!-- TestNG.NewTest_01 -->
